<?xml version="1.0" encoding="UTF-8"?>
<testsuite xmlns:xsi="http://www.w3.org/2001/XMLSchema-instance" xsi:noNamespaceSchemaLocation="https://maven.apache.org/surefire/maven-surefire-plugin/xsd/surefire-test-report-3.0.xsd" version="3.0" name="com.medilabosolutions.report_service.service.ReportServiceTest" time="0.384" tests="14" errors="0" skipped="0" failures="0">
  <properties>
    <property name="java.specification.version" value="21"/>
    <property name="sun.cpu.isalist" value="amd64"/>
    <property name="sun.jnu.encoding" value="Cp1252"/>
    <property name="java.class.path" value="C:\Users\g.bujon\Desktop\p9doc\Nouveau dossier\MediLaboSolutions\report-service\target\test-classes;C:\Users\g.bujon\Desktop\p9doc\Nouveau dossier\MediLaboSolutions\report-service\target\classes;C:\Users\g.bujon\.m2\repository\org\springframework\boot\spring-boot-starter-web\3.2.5\spring-boot-starter-web-3.2.5.jar;C:\Users\g.bujon\.m2\repository\org\springframework\boot\spring-boot-starter\3.2.5\spring-boot-starter-3.2.5.jar;C:\Users\g.bujon\.m2\repository\org\springframework\boot\spring-boot-starter-logging\3.2.5\spring-boot-starter-logging-3.2.5.jar;C:\Users\g.bujon\.m2\repository\ch\qos\logback\logback-classic\1.4.14\logback-classic-1.4.14.jar;C:\Users\g.bujon\.m2\repository\ch\qos\logback\logback-core\1.4.14\logback-core-1.4.14.jar;C:\Users\g.bujon\.m2\repository\org\apache\logging\log4j\log4j-to-slf4j\2.21.1\log4j-to-slf4j-2.21.1.jar;C:\Users\g.bujon\.m2\repository\org\apache\logging\log4j\log4j-api\2.21.1\log4j-api-2.21.1.jar;C:\Users\g.bujon\.m2\repository\org\slf4j\jul-to-slf4j\2.0.13\jul-to-slf4j-2.0.13.jar;C:\Users\g.bujon\.m2\repository\jakarta\annotation\jakarta.annotation-api\2.1.1\jakarta.annotation-api-2.1.1.jar;C:\Users\g.bujon\.m2\repository\org\yaml\snakeyaml\2.2\snakeyaml-2.2.jar;C:\Users\g.bujon\.m2\repository\org\springframework\boot\spring-boot-starter-json\3.2.5\spring-boot-starter-json-3.2.5.jar;C:\Users\g.bujon\.m2\repository\com\fasterxml\jackson\core\jackson-databind\2.15.4\jackson-databind-2.15.4.jar;C:\Users\g.bujon\.m2\repository\com\fasterxml\jackson\datatype\jackson-datatype-jdk8\2.15.4\jackson-datatype-jdk8-2.15.4.jar;C:\Users\g.bujon\.m2\repository\com\fasterxml\jackson\datatype\jackson-datatype-jsr310\2.15.4\jackson-datatype-jsr310-2.15.4.jar;C:\Users\g.bujon\.m2\repository\com\fasterxml\jackson\module\jackson-module-parameter-names\2.15.4\jackson-module-parameter-names-2.15.4.jar;C:\Users\g.bujon\.m2\repository\org\springframework\boot\spring-boot-starter-tomcat\3.2.5\spring-boot-starter-tomcat-3.2.5.jar;C:\Users\g.bujon\.m2\repository\org\apache\tomcat\embed\tomcat-embed-core\10.1.20\tomcat-embed-core-10.1.20.jar;C:\Users\g.bujon\.m2\repository\org\apache\tomcat\embed\tomcat-embed-websocket\10.1.20\tomcat-embed-websocket-10.1.20.jar;C:\Users\g.bujon\.m2\repository\org\springframework\spring-web\6.1.6\spring-web-6.1.6.jar;C:\Users\g.bujon\.m2\repository\org\springframework\spring-beans\6.1.6\spring-beans-6.1.6.jar;C:\Users\g.bujon\.m2\repository\org\springframework\spring-webmvc\6.1.6\spring-webmvc-6.1.6.jar;C:\Users\g.bujon\.m2\repository\org\springframework\spring-aop\6.1.6\spring-aop-6.1.6.jar;C:\Users\g.bujon\.m2\repository\org\springframework\spring-context\6.1.6\spring-context-6.1.6.jar;C:\Users\g.bujon\.m2\repository\org\springframework\spring-expression\6.1.6\spring-expression-6.1.6.jar;C:\Users\g.bujon\.m2\repository\org\springframework\boot\spring-boot-starter-actuator\3.2.5\spring-boot-starter-actuator-3.2.5.jar;C:\Users\g.bujon\.m2\repository\org\springframework\boot\spring-boot-actuator-autoconfigure\3.2.5\spring-boot-actuator-autoconfigure-3.2.5.jar;C:\Users\g.bujon\.m2\repository\org\springframework\boot\spring-boot-actuator\3.2.5\spring-boot-actuator-3.2.5.jar;C:\Users\g.bujon\.m2\repository\io\micrometer\micrometer-observation\1.12.5\micrometer-observation-1.12.5.jar;C:\Users\g.bujon\.m2\repository\io\micrometer\micrometer-commons\1.12.5\micrometer-commons-1.12.5.jar;C:\Users\g.bujon\.m2\repository\io\micrometer\micrometer-jakarta9\1.12.5\micrometer-jakarta9-1.12.5.jar;C:\Users\g.bujon\.m2\repository\io\micrometer\micrometer-core\1.12.5\micrometer-core-1.12.5.jar;C:\Users\g.bujon\.m2\repository\org\hdrhistogram\HdrHistogram\2.1.12\HdrHistogram-2.1.12.jar;C:\Users\g.bujon\.m2\repository\org\latencyutils\LatencyUtils\2.0.3\LatencyUtils-2.0.3.jar;C:\Users\g.bujon\.m2\repository\org\springframework\boot\spring-boot-starter-validation\3.2.5\spring-boot-starter-validation-3.2.5.jar;C:\Users\g.bujon\.m2\repository\org\apache\tomcat\embed\tomcat-embed-el\10.1.20\tomcat-embed-el-10.1.20.jar;C:\Users\g.bujon\.m2\repository\org\hibernate\validator\hibernate-validator\8.0.1.Final\hibernate-validator-8.0.1.Final.jar;C:\Users\g.bujon\.m2\repository\jakarta\validation\jakarta.validation-api\3.0.2\jakarta.validation-api-3.0.2.jar;C:\Users\g.bujon\.m2\repository\org\jboss\logging\jboss-logging\3.5.3.Final\jboss-logging-3.5.3.Final.jar;C:\Users\g.bujon\.m2\repository\com\fasterxml\classmate\1.6.0\classmate-1.6.0.jar;C:\Users\g.bujon\.m2\repository\org\springframework\cloud\spring-cloud-starter-openfeign\4.1.4\spring-cloud-starter-openfeign-4.1.4.jar;C:\Users\g.bujon\.m2\repository\org\springframework\cloud\spring-cloud-starter\4.1.5\spring-cloud-starter-4.1.5.jar;C:\Users\g.bujon\.m2\repository\org\springframework\cloud\spring-cloud-context\4.1.5\spring-cloud-context-4.1.5.jar;C:\Users\g.bujon\.m2\repository\org\springframework\security\spring-security-rsa\1.1.3\spring-security-rsa-1.1.3.jar;C:\Users\g.bujon\.m2\repository\org\bouncycastle\bcprov-jdk18on\1.78\bcprov-jdk18on-1.78.jar;C:\Users\g.bujon\.m2\repository\org\springframework\cloud\spring-cloud-openfeign-core\4.1.4\spring-cloud-openfeign-core-4.1.4.jar;C:\Users\g.bujon\.m2\repository\io\github\openfeign\feign-form-spring\13.5\feign-form-spring-13.5.jar;C:\Users\g.bujon\.m2\repository\io\github\openfeign\feign-form\13.5\feign-form-13.5.jar;C:\Users\g.bujon\.m2\repository\commons-fileupload\commons-fileupload\1.5\commons-fileupload-1.5.jar;C:\Users\g.bujon\.m2\repository\commons-io\commons-io\2.11.0\commons-io-2.11.0.jar;C:\Users\g.bujon\.m2\repository\org\springframework\cloud\spring-cloud-commons\4.1.5\spring-cloud-commons-4.1.5.jar;C:\Users\g.bujon\.m2\repository\org\springframework\security\spring-security-crypto\6.2.4\spring-security-crypto-6.2.4.jar;C:\Users\g.bujon\.m2\repository\io\github\openfeign\feign-core\13.5\feign-core-13.5.jar;C:\Users\g.bujon\.m2\repository\io\github\openfeign\feign-slf4j\13.5\feign-slf4j-13.5.jar;C:\Users\g.bujon\.m2\repository\org\slf4j\slf4j-api\2.0.13\slf4j-api-2.0.13.jar;C:\Users\g.bujon\.m2\repository\org\projectlombok\lombok\1.18.32\lombok-1.18.32.jar;C:\Users\g.bujon\.m2\repository\org\springframework\boot\spring-boot-devtools\3.2.5\spring-boot-devtools-3.2.5.jar;C:\Users\g.bujon\.m2\repository\org\springframework\boot\spring-boot\3.2.5\spring-boot-3.2.5.jar;C:\Users\g.bujon\.m2\repository\org\springframework\boot\spring-boot-autoconfigure\3.2.5\spring-boot-autoconfigure-3.2.5.jar;C:\Users\g.bujon\.m2\repository\org\springframework\boot\spring-boot-starter-test\3.2.5\spring-boot-starter-test-3.2.5.jar;C:\Users\g.bujon\.m2\repository\org\springframework\boot\spring-boot-test\3.2.5\spring-boot-test-3.2.5.jar;C:\Users\g.bujon\.m2\repository\org\springframework\boot\spring-boot-test-autoconfigure\3.2.5\spring-boot-test-autoconfigure-3.2.5.jar;C:\Users\g.bujon\.m2\repository\com\jayway\jsonpath\json-path\2.9.0\json-path-2.9.0.jar;C:\Users\g.bujon\.m2\repository\jakarta\xml\bind\jakarta.xml.bind-api\4.0.2\jakarta.xml.bind-api-4.0.2.jar;C:\Users\g.bujon\.m2\repository\jakarta\activation\jakarta.activation-api\2.1.3\jakarta.activation-api-2.1.3.jar;C:\Users\g.bujon\.m2\repository\net\minidev\json-smart\2.5.1\json-smart-2.5.1.jar;C:\Users\g.bujon\.m2\repository\net\minidev\accessors-smart\2.5.1\accessors-smart-2.5.1.jar;C:\Users\g.bujon\.m2\repository\org\ow2\asm\asm\9.6\asm-9.6.jar;C:\Users\g.bujon\.m2\repository\org\assertj\assertj-core\3.24.2\assertj-core-3.24.2.jar;C:\Users\g.bujon\.m2\repository\net\bytebuddy\byte-buddy\1.14.13\byte-buddy-1.14.13.jar;C:\Users\g.bujon\.m2\repository\org\awaitility\awaitility\4.2.1\awaitility-4.2.1.jar;C:\Users\g.bujon\.m2\repository\org\hamcrest\hamcrest\2.2\hamcrest-2.2.jar;C:\Users\g.bujon\.m2\repository\org\junit\jupiter\junit-jupiter\5.10.2\junit-jupiter-5.10.2.jar;C:\Users\g.bujon\.m2\repository\org\junit\jupiter\junit-jupiter-api\5.10.2\junit-jupiter-api-5.10.2.jar;C:\Users\g.bujon\.m2\repository\org\opentest4j\opentest4j\1.3.0\opentest4j-1.3.0.jar;C:\Users\g.bujon\.m2\repository\org\junit\platform\junit-platform-commons\1.10.2\junit-platform-commons-1.10.2.jar;C:\Users\g.bujon\.m2\repository\org\apiguardian\apiguardian-api\1.1.2\apiguardian-api-1.1.2.jar;C:\Users\g.bujon\.m2\repository\org\junit\jupiter\junit-jupiter-params\5.10.2\junit-jupiter-params-5.10.2.jar;C:\Users\g.bujon\.m2\repository\org\junit\jupiter\junit-jupiter-engine\5.10.2\junit-jupiter-engine-5.10.2.jar;C:\Users\g.bujon\.m2\repository\org\junit\platform\junit-platform-engine\1.10.2\junit-platform-engine-1.10.2.jar;C:\Users\g.bujon\.m2\repository\org\mockito\mockito-core\5.7.0\mockito-core-5.7.0.jar;C:\Users\g.bujon\.m2\repository\net\bytebuddy\byte-buddy-agent\1.14.13\byte-buddy-agent-1.14.13.jar;C:\Users\g.bujon\.m2\repository\org\objenesis\objenesis\3.3\objenesis-3.3.jar;C:\Users\g.bujon\.m2\repository\org\mockito\mockito-junit-jupiter\5.7.0\mockito-junit-jupiter-5.7.0.jar;C:\Users\g.bujon\.m2\repository\org\skyscreamer\jsonassert\1.5.1\jsonassert-1.5.1.jar;C:\Users\g.bujon\.m2\repository\com\vaadin\external\google\android-json\0.0.20131108.vaadin1\android-json-0.0.20131108.vaadin1.jar;C:\Users\g.bujon\.m2\repository\org\springframework\spring-core\6.1.6\spring-core-6.1.6.jar;C:\Users\g.bujon\.m2\repository\org\springframework\spring-jcl\6.1.6\spring-jcl-6.1.6.jar;C:\Users\g.bujon\.m2\repository\org\springframework\spring-test\6.1.6\spring-test-6.1.6.jar;C:\Users\g.bujon\.m2\repository\org\xmlunit\xmlunit-core\2.9.1\xmlunit-core-2.9.1.jar;C:\Users\g.bujon\.m2\repository\org\springframework\cloud\spring-cloud-contract-wiremock\4.1.5\spring-cloud-contract-wiremock-4.1.5.jar;C:\Users\g.bujon\.m2\repository\com\github\tomakehurst\wiremock-jre8-standalone\2.35.1\wiremock-jre8-standalone-2.35.1.jar;C:\Users\g.bujon\.m2\repository\org\apache\httpcomponents\client5\httpclient5\5.2.3\httpclient5-5.2.3.jar;C:\Users\g.bujon\.m2\repository\org\apache\httpcomponents\core5\httpcore5\5.2.4\httpcore5-5.2.4.jar;C:\Users\g.bujon\.m2\repository\org\apache\httpcomponents\core5\httpcore5-h2\5.2.4\httpcore5-h2-5.2.4.jar;C:\Users\g.bujon\.m2\repository\org\springframework\cloud\spring-cloud-test-support\4.1.5\spring-cloud-test-support-4.1.5.jar;C:\Users\g.bujon\.m2\repository\org\apache\maven\resolver\maven-resolver-connector-basic\1.9.22\maven-resolver-connector-basic-1.9.22.jar;C:\Users\g.bujon\.m2\repository\org\apache\maven\resolver\maven-resolver-api\1.9.22\maven-resolver-api-1.9.22.jar;C:\Users\g.bujon\.m2\repository\org\apache\maven\resolver\maven-resolver-spi\1.9.22\maven-resolver-spi-1.9.22.jar;C:\Users\g.bujon\.m2\repository\org\apache\maven\resolver\maven-resolver-util\1.9.22\maven-resolver-util-1.9.22.jar;C:\Users\g.bujon\.m2\repository\org\apache\maven\resolver\maven-resolver-impl\1.9.22\maven-resolver-impl-1.9.22.jar;C:\Users\g.bujon\.m2\repository\org\apache\maven\resolver\maven-resolver-named-locks\1.9.22\maven-resolver-named-locks-1.9.22.jar;C:\Users\g.bujon\.m2\repository\org\apache\maven\maven-resolver-provider\3.9.9\maven-resolver-provider-3.9.9.jar;C:\Users\g.bujon\.m2\repository\org\apache\maven\maven-model\3.9.9\maven-model-3.9.9.jar;C:\Users\g.bujon\.m2\repository\org\apache\maven\maven-model-builder\3.9.9\maven-model-builder-3.9.9.jar;C:\Users\g.bujon\.m2\repository\org\codehaus\plexus\plexus-interpolation\1.27\plexus-interpolation-1.27.jar;C:\Users\g.bujon\.m2\repository\org\apache\maven\maven-artifact\3.9.9\maven-artifact-3.9.9.jar;C:\Users\g.bujon\.m2\repository\org\apache\maven\maven-builder-support\3.9.9\maven-builder-support-3.9.9.jar;C:\Users\g.bujon\.m2\repository\org\eclipse\sisu\org.eclipse.sisu.inject\0.9.0.M3\org.eclipse.sisu.inject-0.9.0.M3.jar;C:\Users\g.bujon\.m2\repository\org\apache\maven\maven-repository-metadata\3.9.9\maven-repository-metadata-3.9.9.jar;C:\Users\g.bujon\.m2\repository\org\codehaus\plexus\plexus-utils\3.5.1\plexus-utils-3.5.1.jar;C:\Users\g.bujon\.m2\repository\javax\inject\javax.inject\1\javax.inject-1.jar;C:\Users\g.bujon\.m2\repository\org\apache\maven\resolver\maven-resolver-transport-http\1.9.22\maven-resolver-transport-http-1.9.22.jar;C:\Users\g.bujon\.m2\repository\org\apache\httpcomponents\httpcore\4.4.16\httpcore-4.4.16.jar;C:\Users\g.bujon\.m2\repository\commons-codec\commons-codec\1.16.1\commons-codec-1.16.1.jar;C:\Users\g.bujon\.m2\repository\org\springframework\cloud\spring-cloud-starter-netflix-eureka-client\4.1.5\spring-cloud-starter-netflix-eureka-client-4.1.5.jar;C:\Users\g.bujon\.m2\repository\org\springframework\cloud\spring-cloud-netflix-eureka-client\4.1.5\spring-cloud-netflix-eureka-client-4.1.5.jar;C:\Users\g.bujon\.m2\repository\com\netflix\eureka\eureka-client\2.0.4\eureka-client-2.0.4.jar;C:\Users\g.bujon\.m2\repository\com\thoughtworks\xstream\xstream\1.4.20\xstream-1.4.20.jar;C:\Users\g.bujon\.m2\repository\io\github\x-stream\mxparser\1.2.2\mxparser-1.2.2.jar;C:\Users\g.bujon\.m2\repository\xmlpull\xmlpull\1.1.3.1\xmlpull-1.1.3.1.jar;C:\Users\g.bujon\.m2\repository\jakarta\ws\rs\jakarta.ws.rs-api\3.1.0\jakarta.ws.rs-api-3.1.0.jar;C:\Users\g.bujon\.m2\repository\jakarta\inject\jakarta.inject-api\2.0.1\jakarta.inject-api-2.0.1.jar;C:\Users\g.bujon\.m2\repository\com\netflix\spectator\spectator-api\1.7.3\spectator-api-1.7.3.jar;C:\Users\g.bujon\.m2\repository\org\apache\httpcomponents\httpclient\4.5.3\httpclient-4.5.3.jar;C:\Users\g.bujon\.m2\repository\commons-configuration\commons-configuration\1.10\commons-configuration-1.10.jar;C:\Users\g.bujon\.m2\repository\commons-lang\commons-lang\2.6\commons-lang-2.6.jar;C:\Users\g.bujon\.m2\repository\com\fasterxml\jackson\core\jackson-annotations\2.15.4\jackson-annotations-2.15.4.jar;C:\Users\g.bujon\.m2\repository\com\fasterxml\jackson\core\jackson-core\2.15.4\jackson-core-2.15.4.jar;C:\Users\g.bujon\.m2\repository\com\netflix\netflix-commons\netflix-eventbus\0.3.0\netflix-eventbus-0.3.0.jar;C:\Users\g.bujon\.m2\repository\com\netflix\netflix-commons\netflix-infix\0.3.0\netflix-infix-0.3.0.jar;C:\Users\g.bujon\.m2\repository\commons-jxpath\commons-jxpath\1.3\commons-jxpath-1.3.jar;C:\Users\g.bujon\.m2\repository\joda-time\joda-time\2.3\joda-time-2.3.jar;C:\Users\g.bujon\.m2\repository\org\antlr\antlr-runtime\3.4\antlr-runtime-3.4.jar;C:\Users\g.bujon\.m2\repository\org\antlr\stringtemplate\3.2.1\stringtemplate-3.2.1.jar;C:\Users\g.bujon\.m2\repository\antlr\antlr\2.7.7\antlr-2.7.7.jar;C:\Users\g.bujon\.m2\repository\com\google\code\gson\gson\2.10.1\gson-2.10.1.jar;C:\Users\g.bujon\.m2\repository\com\netflix\servo\servo-core\0.5.3\servo-core-0.5.3.jar;C:\Users\g.bujon\.m2\repository\org\apache\commons\commons-math\2.2\commons-math-2.2.jar;C:\Users\g.bujon\.m2\repository\javax\annotation\javax.annotation-api\1.2\javax.annotation-api-1.2.jar;C:\Users\g.bujon\.m2\repository\org\codehaus\jettison\jettison\1.5.4\jettison-1.5.4.jar;C:\Users\g.bujon\.m2\repository\com\netflix\eureka\eureka-core\2.0.4\eureka-core-2.0.4.jar;C:\Users\g.bujon\.m2\repository\com\fasterxml\woodstox\woodstox-core\6.4.0\woodstox-core-6.4.0.jar;C:\Users\g.bujon\.m2\repository\org\codehaus\woodstox\stax2-api\4.2.1\stax2-api-4.2.1.jar;C:\Users\g.bujon\.m2\repository\com\google\guava\guava\33.0.0-jre\guava-33.0.0-jre.jar;C:\Users\g.bujon\.m2\repository\com\google\guava\failureaccess\1.0.2\failureaccess-1.0.2.jar;C:\Users\g.bujon\.m2\repository\com\google\guava\listenablefuture\9999.0-empty-to-avoid-conflict-with-guava\listenablefuture-9999.0-empty-to-avoid-conflict-with-guava.jar;C:\Users\g.bujon\.m2\repository\org\checkerframework\checker-qual\3.41.0\checker-qual-3.41.0.jar;C:\Users\g.bujon\.m2\repository\com\google\errorprone\error_prone_annotations\2.23.0\error_prone_annotations-2.23.0.jar;C:\Users\g.bujon\.m2\repository\com\google\j2objc\j2objc-annotations\2.8\j2objc-annotations-2.8.jar;C:\Users\g.bujon\.m2\repository\org\springframework\cloud\spring-cloud-starter-loadbalancer\4.1.5\spring-cloud-starter-loadbalancer-4.1.5.jar;C:\Users\g.bujon\.m2\repository\org\springframework\cloud\spring-cloud-loadbalancer\4.1.5\spring-cloud-loadbalancer-4.1.5.jar;C:\Users\g.bujon\.m2\repository\io\projectreactor\reactor-core\3.6.5\reactor-core-3.6.5.jar;C:\Users\g.bujon\.m2\repository\org\reactivestreams\reactive-streams\1.0.4\reactive-streams-1.0.4.jar;C:\Users\g.bujon\.m2\repository\io\projectreactor\addons\reactor-extra\3.5.1\reactor-extra-3.5.1.jar;C:\Users\g.bujon\.m2\repository\org\springframework\boot\spring-boot-starter-cache\3.2.5\spring-boot-starter-cache-3.2.5.jar;C:\Users\g.bujon\.m2\repository\org\springframework\spring-context-support\6.1.6\spring-context-support-6.1.6.jar;C:\Users\g.bujon\.m2\repository\com\stoyanr\evictor\1.0.0\evictor-1.0.0.jar;"/>
    <property name="java.vm.vendor" value="Eclipse Adoptium"/>
    <property name="sun.arch.data.model" value="64"/>
    <property name="user.variant" value=""/>
    <property name="java.vendor.url" value="https://adoptium.net/"/>
    <property name="user.timezone" value="Europe/Paris"/>
    <property name="org.jboss.logging.provider" value="slf4j"/>
    <property name="os.name" value="Windows 10"/>
    <property name="java.vm.specification.version" value="21"/>
    <property name="user.country" value="FR"/>
    <property name="sun.java.launcher" value="SUN_STANDARD"/>
    <property name="sun.boot.library.path" value="C:\Users\g.bujon\.jdks\temurin-21.0.8\bin"/>
    <property name="sun.java.command" value="C:\Users\g.bujon\AppData\Local\Temp\surefire394700260898877392\surefirebooter-20250916135758210_3.jar C:\Users\g.bujon\AppData\Local\Temp\surefire394700260898877392 2025-09-16T13-57-57_998-jvmRun1 surefire-20250916135758210_1tmp surefire_0-20250916135758210_2tmp"/>
    <property name="jdk.debug" value="release"/>
    <property name="surefire.test.class.path" value="C:\Users\g.bujon\Desktop\p9doc\Nouveau dossier\MediLaboSolutions\report-service\target\test-classes;C:\Users\g.bujon\Desktop\p9doc\Nouveau dossier\MediLaboSolutions\report-service\target\classes;C:\Users\g.bujon\.m2\repository\org\springframework\boot\spring-boot-starter-web\3.2.5\spring-boot-starter-web-3.2.5.jar;C:\Users\g.bujon\.m2\repository\org\springframework\boot\spring-boot-starter\3.2.5\spring-boot-starter-3.2.5.jar;C:\Users\g.bujon\.m2\repository\org\springframework\boot\spring-boot-starter-logging\3.2.5\spring-boot-starter-logging-3.2.5.jar;C:\Users\g.bujon\.m2\repository\ch\qos\logback\logback-classic\1.4.14\logback-classic-1.4.14.jar;C:\Users\g.bujon\.m2\repository\ch\qos\logback\logback-core\1.4.14\logback-core-1.4.14.jar;C:\Users\g.bujon\.m2\repository\org\apache\logging\log4j\log4j-to-slf4j\2.21.1\log4j-to-slf4j-2.21.1.jar;C:\Users\g.bujon\.m2\repository\org\apache\logging\log4j\log4j-api\2.21.1\log4j-api-2.21.1.jar;C:\Users\g.bujon\.m2\repository\org\slf4j\jul-to-slf4j\2.0.13\jul-to-slf4j-2.0.13.jar;C:\Users\g.bujon\.m2\repository\jakarta\annotation\jakarta.annotation-api\2.1.1\jakarta.annotation-api-2.1.1.jar;C:\Users\g.bujon\.m2\repository\org\yaml\snakeyaml\2.2\snakeyaml-2.2.jar;C:\Users\g.bujon\.m2\repository\org\springframework\boot\spring-boot-starter-json\3.2.5\spring-boot-starter-json-3.2.5.jar;C:\Users\g.bujon\.m2\repository\com\fasterxml\jackson\core\jackson-databind\2.15.4\jackson-databind-2.15.4.jar;C:\Users\g.bujon\.m2\repository\com\fasterxml\jackson\datatype\jackson-datatype-jdk8\2.15.4\jackson-datatype-jdk8-2.15.4.jar;C:\Users\g.bujon\.m2\repository\com\fasterxml\jackson\datatype\jackson-datatype-jsr310\2.15.4\jackson-datatype-jsr310-2.15.4.jar;C:\Users\g.bujon\.m2\repository\com\fasterxml\jackson\module\jackson-module-parameter-names\2.15.4\jackson-module-parameter-names-2.15.4.jar;C:\Users\g.bujon\.m2\repository\org\springframework\boot\spring-boot-starter-tomcat\3.2.5\spring-boot-starter-tomcat-3.2.5.jar;C:\Users\g.bujon\.m2\repository\org\apache\tomcat\embed\tomcat-embed-core\10.1.20\tomcat-embed-core-10.1.20.jar;C:\Users\g.bujon\.m2\repository\org\apache\tomcat\embed\tomcat-embed-websocket\10.1.20\tomcat-embed-websocket-10.1.20.jar;C:\Users\g.bujon\.m2\repository\org\springframework\spring-web\6.1.6\spring-web-6.1.6.jar;C:\Users\g.bujon\.m2\repository\org\springframework\spring-beans\6.1.6\spring-beans-6.1.6.jar;C:\Users\g.bujon\.m2\repository\org\springframework\spring-webmvc\6.1.6\spring-webmvc-6.1.6.jar;C:\Users\g.bujon\.m2\repository\org\springframework\spring-aop\6.1.6\spring-aop-6.1.6.jar;C:\Users\g.bujon\.m2\repository\org\springframework\spring-context\6.1.6\spring-context-6.1.6.jar;C:\Users\g.bujon\.m2\repository\org\springframework\spring-expression\6.1.6\spring-expression-6.1.6.jar;C:\Users\g.bujon\.m2\repository\org\springframework\boot\spring-boot-starter-actuator\3.2.5\spring-boot-starter-actuator-3.2.5.jar;C:\Users\g.bujon\.m2\repository\org\springframework\boot\spring-boot-actuator-autoconfigure\3.2.5\spring-boot-actuator-autoconfigure-3.2.5.jar;C:\Users\g.bujon\.m2\repository\org\springframework\boot\spring-boot-actuator\3.2.5\spring-boot-actuator-3.2.5.jar;C:\Users\g.bujon\.m2\repository\io\micrometer\micrometer-observation\1.12.5\micrometer-observation-1.12.5.jar;C:\Users\g.bujon\.m2\repository\io\micrometer\micrometer-commons\1.12.5\micrometer-commons-1.12.5.jar;C:\Users\g.bujon\.m2\repository\io\micrometer\micrometer-jakarta9\1.12.5\micrometer-jakarta9-1.12.5.jar;C:\Users\g.bujon\.m2\repository\io\micrometer\micrometer-core\1.12.5\micrometer-core-1.12.5.jar;C:\Users\g.bujon\.m2\repository\org\hdrhistogram\HdrHistogram\2.1.12\HdrHistogram-2.1.12.jar;C:\Users\g.bujon\.m2\repository\org\latencyutils\LatencyUtils\2.0.3\LatencyUtils-2.0.3.jar;C:\Users\g.bujon\.m2\repository\org\springframework\boot\spring-boot-starter-validation\3.2.5\spring-boot-starter-validation-3.2.5.jar;C:\Users\g.bujon\.m2\repository\org\apache\tomcat\embed\tomcat-embed-el\10.1.20\tomcat-embed-el-10.1.20.jar;C:\Users\g.bujon\.m2\repository\org\hibernate\validator\hibernate-validator\8.0.1.Final\hibernate-validator-8.0.1.Final.jar;C:\Users\g.bujon\.m2\repository\jakarta\validation\jakarta.validation-api\3.0.2\jakarta.validation-api-3.0.2.jar;C:\Users\g.bujon\.m2\repository\org\jboss\logging\jboss-logging\3.5.3.Final\jboss-logging-3.5.3.Final.jar;C:\Users\g.bujon\.m2\repository\com\fasterxml\classmate\1.6.0\classmate-1.6.0.jar;C:\Users\g.bujon\.m2\repository\org\springframework\cloud\spring-cloud-starter-openfeign\4.1.4\spring-cloud-starter-openfeign-4.1.4.jar;C:\Users\g.bujon\.m2\repository\org\springframework\cloud\spring-cloud-starter\4.1.5\spring-cloud-starter-4.1.5.jar;C:\Users\g.bujon\.m2\repository\org\springframework\cloud\spring-cloud-context\4.1.5\spring-cloud-context-4.1.5.jar;C:\Users\g.bujon\.m2\repository\org\springframework\security\spring-security-rsa\1.1.3\spring-security-rsa-1.1.3.jar;C:\Users\g.bujon\.m2\repository\org\bouncycastle\bcprov-jdk18on\1.78\bcprov-jdk18on-1.78.jar;C:\Users\g.bujon\.m2\repository\org\springframework\cloud\spring-cloud-openfeign-core\4.1.4\spring-cloud-openfeign-core-4.1.4.jar;C:\Users\g.bujon\.m2\repository\io\github\openfeign\feign-form-spring\13.5\feign-form-spring-13.5.jar;C:\Users\g.bujon\.m2\repository\io\github\openfeign\feign-form\13.5\feign-form-13.5.jar;C:\Users\g.bujon\.m2\repository\commons-fileupload\commons-fileupload\1.5\commons-fileupload-1.5.jar;C:\Users\g.bujon\.m2\repository\commons-io\commons-io\2.11.0\commons-io-2.11.0.jar;C:\Users\g.bujon\.m2\repository\org\springframework\cloud\spring-cloud-commons\4.1.5\spring-cloud-commons-4.1.5.jar;C:\Users\g.bujon\.m2\repository\org\springframework\security\spring-security-crypto\6.2.4\spring-security-crypto-6.2.4.jar;C:\Users\g.bujon\.m2\repository\io\github\openfeign\feign-core\13.5\feign-core-13.5.jar;C:\Users\g.bujon\.m2\repository\io\github\openfeign\feign-slf4j\13.5\feign-slf4j-13.5.jar;C:\Users\g.bujon\.m2\repository\org\slf4j\slf4j-api\2.0.13\slf4j-api-2.0.13.jar;C:\Users\g.bujon\.m2\repository\org\projectlombok\lombok\1.18.32\lombok-1.18.32.jar;C:\Users\g.bujon\.m2\repository\org\springframework\boot\spring-boot-devtools\3.2.5\spring-boot-devtools-3.2.5.jar;C:\Users\g.bujon\.m2\repository\org\springframework\boot\spring-boot\3.2.5\spring-boot-3.2.5.jar;C:\Users\g.bujon\.m2\repository\org\springframework\boot\spring-boot-autoconfigure\3.2.5\spring-boot-autoconfigure-3.2.5.jar;C:\Users\g.bujon\.m2\repository\org\springframework\boot\spring-boot-starter-test\3.2.5\spring-boot-starter-test-3.2.5.jar;C:\Users\g.bujon\.m2\repository\org\springframework\boot\spring-boot-test\3.2.5\spring-boot-test-3.2.5.jar;C:\Users\g.bujon\.m2\repository\org\springframework\boot\spring-boot-test-autoconfigure\3.2.5\spring-boot-test-autoconfigure-3.2.5.jar;C:\Users\g.bujon\.m2\repository\com\jayway\jsonpath\json-path\2.9.0\json-path-2.9.0.jar;C:\Users\g.bujon\.m2\repository\jakarta\xml\bind\jakarta.xml.bind-api\4.0.2\jakarta.xml.bind-api-4.0.2.jar;C:\Users\g.bujon\.m2\repository\jakarta\activation\jakarta.activation-api\2.1.3\jakarta.activation-api-2.1.3.jar;C:\Users\g.bujon\.m2\repository\net\minidev\json-smart\2.5.1\json-smart-2.5.1.jar;C:\Users\g.bujon\.m2\repository\net\minidev\accessors-smart\2.5.1\accessors-smart-2.5.1.jar;C:\Users\g.bujon\.m2\repository\org\ow2\asm\asm\9.6\asm-9.6.jar;C:\Users\g.bujon\.m2\repository\org\assertj\assertj-core\3.24.2\assertj-core-3.24.2.jar;C:\Users\g.bujon\.m2\repository\net\bytebuddy\byte-buddy\1.14.13\byte-buddy-1.14.13.jar;C:\Users\g.bujon\.m2\repository\org\awaitility\awaitility\4.2.1\awaitility-4.2.1.jar;C:\Users\g.bujon\.m2\repository\org\hamcrest\hamcrest\2.2\hamcrest-2.2.jar;C:\Users\g.bujon\.m2\repository\org\junit\jupiter\junit-jupiter\5.10.2\junit-jupiter-5.10.2.jar;C:\Users\g.bujon\.m2\repository\org\junit\jupiter\junit-jupiter-api\5.10.2\junit-jupiter-api-5.10.2.jar;C:\Users\g.bujon\.m2\repository\org\opentest4j\opentest4j\1.3.0\opentest4j-1.3.0.jar;C:\Users\g.bujon\.m2\repository\org\junit\platform\junit-platform-commons\1.10.2\junit-platform-commons-1.10.2.jar;C:\Users\g.bujon\.m2\repository\org\apiguardian\apiguardian-api\1.1.2\apiguardian-api-1.1.2.jar;C:\Users\g.bujon\.m2\repository\org\junit\jupiter\junit-jupiter-params\5.10.2\junit-jupiter-params-5.10.2.jar;C:\Users\g.bujon\.m2\repository\org\junit\jupiter\junit-jupiter-engine\5.10.2\junit-jupiter-engine-5.10.2.jar;C:\Users\g.bujon\.m2\repository\org\junit\platform\junit-platform-engine\1.10.2\junit-platform-engine-1.10.2.jar;C:\Users\g.bujon\.m2\repository\org\mockito\mockito-core\5.7.0\mockito-core-5.7.0.jar;C:\Users\g.bujon\.m2\repository\net\bytebuddy\byte-buddy-agent\1.14.13\byte-buddy-agent-1.14.13.jar;C:\Users\g.bujon\.m2\repository\org\objenesis\objenesis\3.3\objenesis-3.3.jar;C:\Users\g.bujon\.m2\repository\org\mockito\mockito-junit-jupiter\5.7.0\mockito-junit-jupiter-5.7.0.jar;C:\Users\g.bujon\.m2\repository\org\skyscreamer\jsonassert\1.5.1\jsonassert-1.5.1.jar;C:\Users\g.bujon\.m2\repository\com\vaadin\external\google\android-json\0.0.20131108.vaadin1\android-json-0.0.20131108.vaadin1.jar;C:\Users\g.bujon\.m2\repository\org\springframework\spring-core\6.1.6\spring-core-6.1.6.jar;C:\Users\g.bujon\.m2\repository\org\springframework\spring-jcl\6.1.6\spring-jcl-6.1.6.jar;C:\Users\g.bujon\.m2\repository\org\springframework\spring-test\6.1.6\spring-test-6.1.6.jar;C:\Users\g.bujon\.m2\repository\org\xmlunit\xmlunit-core\2.9.1\xmlunit-core-2.9.1.jar;C:\Users\g.bujon\.m2\repository\org\springframework\cloud\spring-cloud-contract-wiremock\4.1.5\spring-cloud-contract-wiremock-4.1.5.jar;C:\Users\g.bujon\.m2\repository\com\github\tomakehurst\wiremock-jre8-standalone\2.35.1\wiremock-jre8-standalone-2.35.1.jar;C:\Users\g.bujon\.m2\repository\org\apache\httpcomponents\client5\httpclient5\5.2.3\httpclient5-5.2.3.jar;C:\Users\g.bujon\.m2\repository\org\apache\httpcomponents\core5\httpcore5\5.2.4\httpcore5-5.2.4.jar;C:\Users\g.bujon\.m2\repository\org\apache\httpcomponents\core5\httpcore5-h2\5.2.4\httpcore5-h2-5.2.4.jar;C:\Users\g.bujon\.m2\repository\org\springframework\cloud\spring-cloud-test-support\4.1.5\spring-cloud-test-support-4.1.5.jar;C:\Users\g.bujon\.m2\repository\org\apache\maven\resolver\maven-resolver-connector-basic\1.9.22\maven-resolver-connector-basic-1.9.22.jar;C:\Users\g.bujon\.m2\repository\org\apache\maven\resolver\maven-resolver-api\1.9.22\maven-resolver-api-1.9.22.jar;C:\Users\g.bujon\.m2\repository\org\apache\maven\resolver\maven-resolver-spi\1.9.22\maven-resolver-spi-1.9.22.jar;C:\Users\g.bujon\.m2\repository\org\apache\maven\resolver\maven-resolver-util\1.9.22\maven-resolver-util-1.9.22.jar;C:\Users\g.bujon\.m2\repository\org\apache\maven\resolver\maven-resolver-impl\1.9.22\maven-resolver-impl-1.9.22.jar;C:\Users\g.bujon\.m2\repository\org\apache\maven\resolver\maven-resolver-named-locks\1.9.22\maven-resolver-named-locks-1.9.22.jar;C:\Users\g.bujon\.m2\repository\org\apache\maven\maven-resolver-provider\3.9.9\maven-resolver-provider-3.9.9.jar;C:\Users\g.bujon\.m2\repository\org\apache\maven\maven-model\3.9.9\maven-model-3.9.9.jar;C:\Users\g.bujon\.m2\repository\org\apache\maven\maven-model-builder\3.9.9\maven-model-builder-3.9.9.jar;C:\Users\g.bujon\.m2\repository\org\codehaus\plexus\plexus-interpolation\1.27\plexus-interpolation-1.27.jar;C:\Users\g.bujon\.m2\repository\org\apache\maven\maven-artifact\3.9.9\maven-artifact-3.9.9.jar;C:\Users\g.bujon\.m2\repository\org\apache\maven\maven-builder-support\3.9.9\maven-builder-support-3.9.9.jar;C:\Users\g.bujon\.m2\repository\org\eclipse\sisu\org.eclipse.sisu.inject\0.9.0.M3\org.eclipse.sisu.inject-0.9.0.M3.jar;C:\Users\g.bujon\.m2\repository\org\apache\maven\maven-repository-metadata\3.9.9\maven-repository-metadata-3.9.9.jar;C:\Users\g.bujon\.m2\repository\org\codehaus\plexus\plexus-utils\3.5.1\plexus-utils-3.5.1.jar;C:\Users\g.bujon\.m2\repository\javax\inject\javax.inject\1\javax.inject-1.jar;C:\Users\g.bujon\.m2\repository\org\apache\maven\resolver\maven-resolver-transport-http\1.9.22\maven-resolver-transport-http-1.9.22.jar;C:\Users\g.bujon\.m2\repository\org\apache\httpcomponents\httpcore\4.4.16\httpcore-4.4.16.jar;C:\Users\g.bujon\.m2\repository\commons-codec\commons-codec\1.16.1\commons-codec-1.16.1.jar;C:\Users\g.bujon\.m2\repository\org\springframework\cloud\spring-cloud-starter-netflix-eureka-client\4.1.5\spring-cloud-starter-netflix-eureka-client-4.1.5.jar;C:\Users\g.bujon\.m2\repository\org\springframework\cloud\spring-cloud-netflix-eureka-client\4.1.5\spring-cloud-netflix-eureka-client-4.1.5.jar;C:\Users\g.bujon\.m2\repository\com\netflix\eureka\eureka-client\2.0.4\eureka-client-2.0.4.jar;C:\Users\g.bujon\.m2\repository\com\thoughtworks\xstream\xstream\1.4.20\xstream-1.4.20.jar;C:\Users\g.bujon\.m2\repository\io\github\x-stream\mxparser\1.2.2\mxparser-1.2.2.jar;C:\Users\g.bujon\.m2\repository\xmlpull\xmlpull\1.1.3.1\xmlpull-1.1.3.1.jar;C:\Users\g.bujon\.m2\repository\jakarta\ws\rs\jakarta.ws.rs-api\3.1.0\jakarta.ws.rs-api-3.1.0.jar;C:\Users\g.bujon\.m2\repository\jakarta\inject\jakarta.inject-api\2.0.1\jakarta.inject-api-2.0.1.jar;C:\Users\g.bujon\.m2\repository\com\netflix\spectator\spectator-api\1.7.3\spectator-api-1.7.3.jar;C:\Users\g.bujon\.m2\repository\org\apache\httpcomponents\httpclient\4.5.3\httpclient-4.5.3.jar;C:\Users\g.bujon\.m2\repository\commons-configuration\commons-configuration\1.10\commons-configuration-1.10.jar;C:\Users\g.bujon\.m2\repository\commons-lang\commons-lang\2.6\commons-lang-2.6.jar;C:\Users\g.bujon\.m2\repository\com\fasterxml\jackson\core\jackson-annotations\2.15.4\jackson-annotations-2.15.4.jar;C:\Users\g.bujon\.m2\repository\com\fasterxml\jackson\core\jackson-core\2.15.4\jackson-core-2.15.4.jar;C:\Users\g.bujon\.m2\repository\com\netflix\netflix-commons\netflix-eventbus\0.3.0\netflix-eventbus-0.3.0.jar;C:\Users\g.bujon\.m2\repository\com\netflix\netflix-commons\netflix-infix\0.3.0\netflix-infix-0.3.0.jar;C:\Users\g.bujon\.m2\repository\commons-jxpath\commons-jxpath\1.3\commons-jxpath-1.3.jar;C:\Users\g.bujon\.m2\repository\joda-time\joda-time\2.3\joda-time-2.3.jar;C:\Users\g.bujon\.m2\repository\org\antlr\antlr-runtime\3.4\antlr-runtime-3.4.jar;C:\Users\g.bujon\.m2\repository\org\antlr\stringtemplate\3.2.1\stringtemplate-3.2.1.jar;C:\Users\g.bujon\.m2\repository\antlr\antlr\2.7.7\antlr-2.7.7.jar;C:\Users\g.bujon\.m2\repository\com\google\code\gson\gson\2.10.1\gson-2.10.1.jar;C:\Users\g.bujon\.m2\repository\com\netflix\servo\servo-core\0.5.3\servo-core-0.5.3.jar;C:\Users\g.bujon\.m2\repository\org\apache\commons\commons-math\2.2\commons-math-2.2.jar;C:\Users\g.bujon\.m2\repository\javax\annotation\javax.annotation-api\1.2\javax.annotation-api-1.2.jar;C:\Users\g.bujon\.m2\repository\org\codehaus\jettison\jettison\1.5.4\jettison-1.5.4.jar;C:\Users\g.bujon\.m2\repository\com\netflix\eureka\eureka-core\2.0.4\eureka-core-2.0.4.jar;C:\Users\g.bujon\.m2\repository\com\fasterxml\woodstox\woodstox-core\6.4.0\woodstox-core-6.4.0.jar;C:\Users\g.bujon\.m2\repository\org\codehaus\woodstox\stax2-api\4.2.1\stax2-api-4.2.1.jar;C:\Users\g.bujon\.m2\repository\com\google\guava\guava\33.0.0-jre\guava-33.0.0-jre.jar;C:\Users\g.bujon\.m2\repository\com\google\guava\failureaccess\1.0.2\failureaccess-1.0.2.jar;C:\Users\g.bujon\.m2\repository\com\google\guava\listenablefuture\9999.0-empty-to-avoid-conflict-with-guava\listenablefuture-9999.0-empty-to-avoid-conflict-with-guava.jar;C:\Users\g.bujon\.m2\repository\org\checkerframework\checker-qual\3.41.0\checker-qual-3.41.0.jar;C:\Users\g.bujon\.m2\repository\com\google\errorprone\error_prone_annotations\2.23.0\error_prone_annotations-2.23.0.jar;C:\Users\g.bujon\.m2\repository\com\google\j2objc\j2objc-annotations\2.8\j2objc-annotations-2.8.jar;C:\Users\g.bujon\.m2\repository\org\springframework\cloud\spring-cloud-starter-loadbalancer\4.1.5\spring-cloud-starter-loadbalancer-4.1.5.jar;C:\Users\g.bujon\.m2\repository\org\springframework\cloud\spring-cloud-loadbalancer\4.1.5\spring-cloud-loadbalancer-4.1.5.jar;C:\Users\g.bujon\.m2\repository\io\projectreactor\reactor-core\3.6.5\reactor-core-3.6.5.jar;C:\Users\g.bujon\.m2\repository\org\reactivestreams\reactive-streams\1.0.4\reactive-streams-1.0.4.jar;C:\Users\g.bujon\.m2\repository\io\projectreactor\addons\reactor-extra\3.5.1\reactor-extra-3.5.1.jar;C:\Users\g.bujon\.m2\repository\org\springframework\boot\spring-boot-starter-cache\3.2.5\spring-boot-starter-cache-3.2.5.jar;C:\Users\g.bujon\.m2\repository\org\springframework\spring-context-support\6.1.6\spring-context-support-6.1.6.jar;C:\Users\g.bujon\.m2\repository\com\stoyanr\evictor\1.0.0\evictor-1.0.0.jar;"/>
    <property name="sun.cpu.endian" value="little"/>
    <property name="user.home" value="C:\Users\g.bujon"/>
    <property name="user.language" value="fr"/>
    <property name="java.specification.vendor" value="Oracle Corporation"/>
    <property name="java.version.date" value="2025-07-15"/>
    <property name="java.home" value="C:\Users\g.bujon\.jdks\temurin-21.0.8"/>
    <property name="file.separator" value="\"/>
    <property name="basedir" value="C:\Users\g.bujon\Desktop\p9doc\Nouveau dossier\MediLaboSolutions\report-service"/>
    <property name="style.color" value="always"/>
    <property name="java.vm.compressedOopsMode" value="32-bit"/>
    <property name="line.separator" value="&#10;"/>
    <property name="java.vm.specification.vendor" value="Oracle Corporation"/>
    <property name="java.specification.name" value="Java Platform API Specification"/>
    <property name="FILE_LOG_CHARSET" value="UTF-8"/>
    <property name="java.awt.headless" value="true"/>
    <property name="surefire.real.class.path" value="C:\Users\g.bujon\AppData\Local\Temp\surefire394700260898877392\surefirebooter-20250916135758210_3.jar"/>
    <property name="user.script" value=""/>
    <property name="sun.management.compiler" value="HotSpot 64-Bit Tiered Compilers"/>
    <property name="java.runtime.version" value="21.0.8+9-LTS"/>
    <property name="user.name" value="g.bujon"/>
    <property name="stdout.encoding" value="Cp1252"/>
    <property name="path.separator" value=";"/>
    <property name="os.version" value="10.0"/>
    <property name="java.runtime.name" value="OpenJDK Runtime Environment"/>
    <property name="file.encoding" value="UTF-8"/>
    <property name="java.vm.name" value="OpenJDK 64-Bit Server VM"/>
    <property name="java.vendor.version" value="Temurin-21.0.8+9"/>
    <property name="maven.ext.class.path" value="C:\Users\g.bujon\AppData\Local\Programs\IntelliJ IDEA 2025.2.1\plugins\maven\lib\maven-event-listener.jar"/>
    <property name="localRepository" value="C:\Users\g.bujon\.m2\repository"/>
    <property name="java.vendor.url.bug" value="https://github.com/adoptium/adoptium-support/issues"/>
    <property name="java.io.tmpdir" value="C:\Users\G0825~1.BUJ\AppData\Local\Temp\"/>
    <property name="idea.version" value="2025.2.1"/>
    <property name="java.version" value="21.0.8"/>
    <property name="user.dir" value="C:\Users\g.bujon\Desktop\p9doc\Nouveau dossier\MediLaboSolutions\report-service"/>
    <property name="os.arch" value="amd64"/>
    <property name="jansi.passthrough" value="true"/>
    <property name="java.vm.specification.name" value="Java Virtual Machine Specification"/>
    <property name="PID" value="9360"/>
    <property name="sun.os.patch.level" value=""/>
    <property name="CONSOLE_LOG_CHARSET" value="UTF-8"/>
    <property name="native.encoding" value="Cp1252"/>
    <property name="java.library.path" value="C:\Users\g.bujon\.jdks\temurin-21.0.8\bin;C:\Windows\Sun\Java\bin;C:\Windows\system32;C:\Windows;C:\Windows\system32;C:\Windows;C:\Windows\System32\Wbem;C:\Windows\System32\WindowsPowerShell\v1.0\;C:\Windows\System32\OpenSSH\;C:\Users\g.bujon\AppData\Local\Microsoft\WindowsApps;C:\Users\g.bujon\AppData\Local\Programs\IntelliJ IDEA 2025.2.1\bin;C:\Users\g.bujon\AppData\Local\Programs\Git\cmd;."/>
    <property name="java.vm.info" value="mixed mode, sharing"/>
    <property name="stderr.encoding" value="Cp1252"/>
    <property name="java.vendor" value="Eclipse Adoptium"/>
    <property name="java.vm.version" value="21.0.8+9-LTS"/>
    <property name="sun.io.unicode.encoding" value="UnicodeLittle"/>
    <property name="maven.repo.local" value="C:\Users\g.bujon\.m2\repository"/>
    <property name="java.class.version" value="65.0"/>
    <property name="LOGGED_APPLICATION_NAME" value="[report-service] "/>
  </properties>
  <testcase name="generateReport_WhenNoteServiceFails_ShouldThrowException" classname="com.medilabosolutions.report_service.service.ReportServiceTest" time="0.27">
    <system-out><![CDATA[2025-09-16T13:58:14.773+02:00  INFO 9360 --- [report-service] [           main] c.m.r.service.ReportService              : ----- Generating report for patient 1
2025-09-16T13:58:14.774+02:00  INFO 9360 --- [report-service] [           main] c.m.r.service.ReportService              : ----- Getting patient 1
2025-09-16T13:58:14.774+02:00  INFO 9360 --- [report-service] [           main] c.m.r.service.ReportService              : ----- Getting notes for patient 1
]]></system-out>
  </testcase>
  <testcase name="generateReport_ShouldReturnCorrectRiskAssessment" classname="com.medilabosolutions.report_service.service.ReportServiceTest" time="0.015">
    <system-out><![CDATA[2025-09-16T13:58:14.828+02:00  INFO 9360 --- [report-service] [           main] c.m.r.service.ReportService              : ----- Generating report for patient 1
2025-09-16T13:58:14.829+02:00  INFO 9360 --- [report-service] [           main] c.m.r.service.ReportService              : ----- Getting patient 1
2025-09-16T13:58:14.829+02:00  INFO 9360 --- [report-service] [           main] c.m.r.service.ReportService              : ----- Getting notes for patient 1
2025-09-16T13:58:14.829+02:00  INFO 9360 --- [report-service] [           main] c.m.r.service.ReportService              : ----- Evaluating risk
]]></system-out>
  </testcase>
  <testcase name="generateReport_ShouldConcatenateFirstNameAndLastName" classname="com.medilabosolutions.report_service.service.ReportServiceTest" time="0.004">
    <system-out><![CDATA[2025-09-16T13:58:14.844+02:00  INFO 9360 --- [report-service] [           main] c.m.r.service.ReportService              : ----- Generating report for patient 1
2025-09-16T13:58:14.844+02:00  INFO 9360 --- [report-service] [           main] c.m.r.service.ReportService              : ----- Getting patient 1
2025-09-16T13:58:14.844+02:00  INFO 9360 --- [report-service] [           main] c.m.r.service.ReportService              : ----- Getting notes for patient 1
2025-09-16T13:58:14.844+02:00  INFO 9360 --- [report-service] [           main] c.m.r.service.ReportService              : ----- Evaluating risk
]]></system-out>
  </testcase>
  <testcase name="generateReport_ShouldCountUniqueTriggersNotOccurrences" classname="com.medilabosolutions.report_service.service.ReportServiceTest" time="0.005">
    <system-out><![CDATA[2025-09-16T13:58:14.851+02:00  INFO 9360 --- [report-service] [           main] c.m.r.service.ReportService              : ----- Generating report for patient 1
2025-09-16T13:58:14.852+02:00  INFO 9360 --- [report-service] [           main] c.m.r.service.ReportService              : ----- Getting patient 1
2025-09-16T13:58:14.852+02:00  INFO 9360 --- [report-service] [           main] c.m.r.service.ReportService              : ----- Getting notes for patient 1
2025-09-16T13:58:14.852+02:00  INFO 9360 --- [report-service] [           main] c.m.r.service.ReportService              : ----- Evaluating risk
]]></system-out>
  </testcase>
  <testcase name="generateReport_ShouldHandleCaseInsensitiveTriggers" classname="com.medilabosolutions.report_service.service.ReportServiceTest" time="0.005">
    <system-out><![CDATA[2025-09-16T13:58:14.857+02:00  INFO 9360 --- [report-service] [           main] c.m.r.service.ReportService              : ----- Generating report for patient 1
2025-09-16T13:58:14.858+02:00  INFO 9360 --- [report-service] [           main] c.m.r.service.ReportService              : ----- Getting patient 1
2025-09-16T13:58:14.858+02:00  INFO 9360 --- [report-service] [           main] c.m.r.service.ReportService              : ----- Getting notes for patient 1
2025-09-16T13:58:14.858+02:00  INFO 9360 --- [report-service] [           main] c.m.r.service.ReportService              : ----- Evaluating risk
]]></system-out>
  </testcase>
  <testcase name="generateReport_WithDifferentGendersAndAges_ShouldReturnCorrectRiskLevels" classname="com.medilabosolutions.report_service.service.ReportServiceTest" time="0.011">
    <system-out><![CDATA[2025-09-16T13:58:14.869+02:00  INFO 9360 --- [report-service] [           main] c.m.r.service.ReportService              : ----- Generating report for patient 1
2025-09-16T13:58:14.869+02:00  INFO 9360 --- [report-service] [           main] c.m.r.service.ReportService              : ----- Getting patient 1
2025-09-16T13:58:14.869+02:00  INFO 9360 --- [report-service] [           main] c.m.r.service.ReportService              : ----- Getting notes for patient 1
2025-09-16T13:58:14.869+02:00  INFO 9360 --- [report-service] [           main] c.m.r.service.ReportService              : ----- Evaluating risk
2025-09-16T13:58:14.870+02:00  INFO 9360 --- [report-service] [           main] c.m.r.service.ReportService              : ----- Generating report for patient 2
2025-09-16T13:58:14.870+02:00  INFO 9360 --- [report-service] [           main] c.m.r.service.ReportService              : ----- Getting patient 2
2025-09-16T13:58:14.871+02:00  INFO 9360 --- [report-service] [           main] c.m.r.service.ReportService              : ----- Getting notes for patient 2
2025-09-16T13:58:14.872+02:00  INFO 9360 --- [report-service] [           main] c.m.r.service.ReportService              : ----- Evaluating risk
]]></system-out>
  </testcase>
  <testcase name="generateReport_ShouldCalculateCorrectAge" classname="com.medilabosolutions.report_service.service.ReportServiceTest" time="0.003">
    <system-out><![CDATA[2025-09-16T13:58:14.877+02:00  INFO 9360 --- [report-service] [           main] c.m.r.service.ReportService              : ----- Generating report for patient 1
2025-09-16T13:58:14.877+02:00  INFO 9360 --- [report-service] [           main] c.m.r.service.ReportService              : ----- Getting patient 1
2025-09-16T13:58:14.877+02:00  INFO 9360 --- [report-service] [           main] c.m.r.service.ReportService              : ----- Getting notes for patient 1
2025-09-16T13:58:14.877+02:00  INFO 9360 --- [report-service] [           main] c.m.r.service.ReportService              : ----- Evaluating risk
]]></system-out>
  </testcase>
  <testcase name="generateReport_WhenNoTriggers_ShouldReturnNoneRisk" classname="com.medilabosolutions.report_service.service.ReportServiceTest" time="0.004">
    <system-out><![CDATA[2025-09-16T13:58:14.880+02:00  INFO 9360 --- [report-service] [           main] c.m.r.service.ReportService              : ----- Generating report for patient 1
2025-09-16T13:58:14.881+02:00  INFO 9360 --- [report-service] [           main] c.m.r.service.ReportService              : ----- Getting patient 1
2025-09-16T13:58:14.881+02:00  INFO 9360 --- [report-service] [           main] c.m.r.service.ReportService              : ----- Getting notes for patient 1
2025-09-16T13:58:14.881+02:00  INFO 9360 --- [report-service] [           main] c.m.r.service.ReportService              : ----- Evaluating risk
]]></system-out>
  </testcase>
  <testcase name="generateReport_WhenInDangerRiskForMaleUnder30_ShouldReturnInDanger" classname="com.medilabosolutions.report_service.service.ReportServiceTest" time="0.005">
    <system-out><![CDATA[2025-09-16T13:58:14.887+02:00  INFO 9360 --- [report-service] [           main] c.m.r.service.ReportService              : ----- Generating report for patient 1
2025-09-16T13:58:14.887+02:00  INFO 9360 --- [report-service] [           main] c.m.r.service.ReportService              : ----- Getting patient 1
2025-09-16T13:58:14.887+02:00  INFO 9360 --- [report-service] [           main] c.m.r.service.ReportService              : ----- Getting notes for patient 1
2025-09-16T13:58:14.887+02:00  INFO 9360 --- [report-service] [           main] c.m.r.service.ReportService              : ----- Evaluating risk
]]></system-out>
  </testcase>
  <testcase name="generateReport_WhenEarlyOnsetRiskForFemaleUnder30_ShouldReturnEarlyOnset" classname="com.medilabosolutions.report_service.service.ReportServiceTest" time="0.003">
    <system-out><![CDATA[2025-09-16T13:58:14.891+02:00  INFO 9360 --- [report-service] [           main] c.m.r.service.ReportService              : ----- Generating report for patient 1
2025-09-16T13:58:14.891+02:00  INFO 9360 --- [report-service] [           main] c.m.r.service.ReportService              : ----- Getting patient 1
2025-09-16T13:58:14.892+02:00  INFO 9360 --- [report-service] [           main] c.m.r.service.ReportService              : ----- Getting notes for patient 1
2025-09-16T13:58:14.892+02:00  INFO 9360 --- [report-service] [           main] c.m.r.service.ReportService              : ----- Evaluating risk
]]></system-out>
  </testcase>
  <testcase name="getNotesByPatientId_WhenSuccessful_ShouldReturnNotes" classname="com.medilabosolutions.report_service.service.ReportServiceTest" time="0.021">
    <system-out><![CDATA[2025-09-16T13:58:14.896+02:00  INFO 9360 --- [report-service] [           main] c.m.r.service.ReportService              : ----- Getting notes for patient 1
]]></system-out>
  </testcase>
  <testcase name="getPatientById_WhenSuccessful_ShouldReturnPatient" classname="com.medilabosolutions.report_service.service.ReportServiceTest" time="0.004">
    <system-out><![CDATA[2025-09-16T13:58:14.918+02:00  INFO 9360 --- [report-service] [           main] c.m.r.service.ReportService              : ----- Getting patient 1
]]></system-out>
  </testcase>
  <testcase name="generateReport_WhenBorderlineRisk_ShouldReturnBorderline" classname="com.medilabosolutions.report_service.service.ReportServiceTest" time="0.004">
    <system-out><![CDATA[2025-09-16T13:58:14.922+02:00  INFO 9360 --- [report-service] [           main] c.m.r.service.ReportService              : ----- Generating report for patient 1
2025-09-16T13:58:14.922+02:00  INFO 9360 --- [report-service] [           main] c.m.r.service.ReportService              : ----- Getting patient 1
2025-09-16T13:58:14.922+02:00  INFO 9360 --- [report-service] [           main] c.m.r.service.ReportService              : ----- Getting notes for patient 1
2025-09-16T13:58:14.922+02:00  INFO 9360 --- [report-service] [           main] c.m.r.service.ReportService              : ----- Evaluating risk
]]></system-out>
  </testcase>
  <testcase name="generateReport_WhenPatientServiceFails_ShouldThrowException" classname="com.medilabosolutions.report_service.service.ReportServiceTest" time="0.005">
    <system-out><![CDATA[2025-09-16T13:58:14.930+02:00  INFO 9360 --- [report-service] [           main] c.m.r.service.ReportService              : ----- Generating report for patient 1
2025-09-16T13:58:14.930+02:00  INFO 9360 --- [report-service] [           main] c.m.r.service.ReportService              : ----- Getting patient 1
]]></system-out>
  </testcase>
</testsuite>